# configure exec: ./configure 
# On Mon Apr  8 13:02:29 CEST 2019
DBG: ccenv: WITH_CC:  --version failed: mklove/modules/configure.base: line 1110: --version: command not found
DBG: Check ccenv (WITH_CC, action cont (originally cont)) failed: command ' --version' failed:
mklove/modules/configure.base: line 1110: --version: command not found
DBG: cxxenv: WITH_CXX:  --version failed: mklove/modules/configure.base: line 1110: --version: command not found
DBG: Check cxxenv (WITH_CXX, action cont (originally cont)) failed: command ' --version' failed:
mklove/modules/configure.base: line 1110: --version: command not found
DBG: Compile check PIC (HAVE_PIC): gcc  -g -O2 -Wall -Werror -fPIC _mkltmpR1fkfS.c -o _mkltmpR1fkfS.c.o  
DBG: Compile check gnulib (WITH_GNULD): gcc  -g -O2 -fPIC -Wall -Werror -shared -Wl,-soname,mkltest.0 _mkltmpjSd66K.c -o _mkltmpjSd66K.c.o  
DBG: Compile check ldsflagvs (): gcc  -g -O2 -fPIC -Wall -Werror -shared -Wl,--version-script=_mkltmpG3WPt5 _mkltmpnmcpna.c -o _mkltmpnmcpna.c.o  
DBG: Compile check __atomic_32 (HAVE_ATOMICS_32): gcc  -g -O2 -fPIC -Wall -Werror  _mkltmpqrjLAn.c -o _mkltmpqrjLAn.c.o  
DBG: Compile check __atomic_64 (HAVE_ATOMICS_64): gcc  -g -O2 -fPIC -Wall -Werror  _mkltmpIqmfUt.c -o _mkltmpIqmfUt.c.o  
DBG: Compile check socket (): gcc  -g -O2 -fPIC -Wall -Wsign-compare -Wfloat-equal -Wpointer-arith -Wall -Werror  _mkltmpqB2sqS.c -o _mkltmpqB2sqS.c.o  
DBG: pkg-config check libpthread (): pkg-config --short-errors --cflags libpthread
DBG: 'pkg-config --short-errors --cflags libpthread' failed: No package 'libpthread' found
DBG: Check libpthread_PKGCONFIG (, action cont (originally cont)) failed: 'pkg-config --short-errors --cflags libpthread' failed:
No package 'libpthread' found
DBG: Compile check libpthread (): gcc  -g -O2 -fPIC -Wall -Wsign-compare -Wfloat-equal -Wpointer-arith -Wall -Werror -lpthread _mkltmpj90u0Z.c -o _mkltmpj90u0Z.c.o  
DBG: pkg-config check zlib (): pkg-config --short-errors --cflags zlib
DBG: Compile check zlib (WITH_ZLIB): gcc  -g -O2 -fPIC -Wall -Wsign-compare -Wfloat-equal -Wpointer-arith -Wall -Werror -lz _mkltmpS9dw3c.c -o _mkltmpS9dw3c.c.o  
DBG: pkg-config check libcrypto (): pkg-config --short-errors --cflags libcrypto
DBG: Compile check libcrypto (): gcc  -g -O2 -fPIC -Wall -Wsign-compare -Wfloat-equal -Wpointer-arith -Wall -Werror -lcrypto _mkltmpGXbDQi.c -o _mkltmpGXbDQi.c.o  
DBG: pkg-config check liblz4 (): pkg-config --short-errors --cflags liblz4
DBG: 'pkg-config --short-errors --cflags liblz4' failed: No package 'liblz4' found
DBG: Check liblz4_PKGCONFIG (, action cont (originally cont)) failed: 'pkg-config --short-errors --cflags liblz4' failed:
No package 'liblz4' found
DBG: Compile check liblz4 (WITH_LZ4): gcc  -g -O2 -fPIC -Wall -Wsign-compare -Wfloat-equal -Wpointer-arith -Wall -Werror -llz4 _mkltmpzDbWx3.c -o _mkltmpzDbWx3.c.o  
DBG: compile check for liblz4 (WITH_LZ4) failed: gcc  -g -O2 -fPIC -Wall -Wsign-compare -Wfloat-equal -Wpointer-arith -Wall -Werror -llz4 _mkltmpzDbWx3.c -o _mkltmpzDbWx3.c.o  : _mkltmpzDbWx3.c:1:22: fatal error: lz4frame.h: No such file or directory
 #include <lz4frame.h>
                      ^
compilation terminated.
DBG: Check liblz4 (WITH_LZ4, action disable (originally disable)) failed: compile check failed:
CC: CC
flags: -llz4
gcc  -g -O2 -fPIC -Wall -Wsign-compare -Wfloat-equal -Wpointer-arith -Wall -Werror -llz4 _mkltmpzDbWx3.c -o _mkltmpzDbWx3.c.o  :
_mkltmpzDbWx3.c:1:22: fatal error: lz4frame.h: No such file or directory
 #include <lz4frame.h>
                      ^
compilation terminated.
source: #include <lz4frame.h>
DBG: pkg-config check libssl (): pkg-config --short-errors --cflags libssl
DBG: Compile check libssl (WITH_SSL): gcc  -g -O2 -fPIC -Wall -Wsign-compare -Wfloat-equal -Wpointer-arith -Wall -Werror -lssl _mkltmp1duE2l.c -o _mkltmp1duE2l.c.o  
DBG: pkg-config check libsasl2 (): pkg-config --short-errors --cflags libsasl2
DBG: Compile check libsasl2 (WITH_SASL): gcc  -g -O2 -fPIC -Wall -Wsign-compare -Wfloat-equal -Wpointer-arith -Wall -Werror -lsasl2 _mkltmpjdDVCs.c -o _mkltmpjdDVCs.c.o  
DBG: Compile check regex (HAVE_REGEX): gcc  -g -O2 -fPIC -Wall -Wsign-compare -Wfloat-equal -Wpointer-arith -Wall -Werror  _mkltmpNCyRJL.c -o _mkltmpNCyRJL.c.o  
DBG: pkg-config check librt (): pkg-config --short-errors --cflags librt
DBG: 'pkg-config --short-errors --cflags librt' failed: No package 'librt' found
DBG: Check librt_PKGCONFIG (, action cont (originally cont)) failed: 'pkg-config --short-errors --cflags librt' failed:
No package 'librt' found
DBG: Compile check librt (): gcc  -g -O2 -fPIC -Wall -Wsign-compare -Wfloat-equal -Wpointer-arith -Wall -Werror -lrt _mkltmpI36dEu.c -o _mkltmpI36dEu.c.o  
DBG: Compile check strndup (HAVE_STRNDUP): gcc  -g -O2 -fPIC -Wall -Wsign-compare -Wfloat-equal -Wpointer-arith -Wall -Werror  _mkltmpnkRIvB.c -o _mkltmpnkRIvB.c.o  
